#
# There is insufficient memory for the Java Runtime Environment to continue.
# Native memory allocation (malloc) failed to allocate 32744 bytes for ChunkPool::allocate
# Possible reasons:
#   The system is out of physical RAM or swap space
#   In 32 bit mode, the process size limit was hit
# Possible solutions:
#   Reduce memory load on the system
#   Increase physical memory or swap space
#   Check if swap backing store is full
#   Use 64 bit Java on a 64 bit OS
#   Decrease Java heap size (-Xmx/-Xms)
#   Decrease number of Java threads
#   Decrease Java thread stack sizes (-Xss)
#   Set larger code cache with -XX:ReservedCodeCacheSize=
# This output file may be truncated or incomplete.
#
#  Out of Memory Error (allocation.cpp:273), pid=4408, tid=0x0000000000003ba8
#
# JRE version: Java(TM) SE Runtime Environment (8.0_102-b14) (build 1.8.0_102-b14)
# Java VM: Java HotSpot(TM) 64-Bit Server VM (25.102-b14 mixed mode windows-amd64 compressed oops)
# Failed to write core dump. Minidumps are not enabled by default on client versions of Windows
#

---------------  T H R E A D  ---------------

Current thread (0x0000000017e19800):  JavaThread "C2 CompilerThread0" daemon [_thread_in_native, id=15272, stack(0x0000000018dc0000,0x0000000018ec0000)]

Stack: [0x0000000018dc0000,0x0000000018ec0000]
[error occurred during error reporting (printing stack bounds), id 0xc0000005]

Native frames: (J=compiled Java code, j=interpreted, Vv=VM code, C=native code)


Current CompileTask:
C2:   3757 1545   !   4       java.net.URLClassLoader$1::run (63 bytes)


---------------  P R O C E S S  ---------------

Java Threads: ( => current thread )
  0x0000000019b8b800 JavaThread "background-preinit" [_thread_in_vm, id=16000, stack(0x000000001b340000,0x000000001b440000)]
  0x0000000017e1d800 JavaThread "Service Thread" daemon [_thread_blocked, id=14932, stack(0x00000000193c0000,0x00000000194c0000)]
  0x0000000017e1a000 JavaThread "C1 CompilerThread1" daemon [_thread_blocked, id=5364, stack(0x0000000018ec0000,0x0000000018fc0000)]
=>0x0000000017e19800 JavaThread "C2 CompilerThread0" daemon [_thread_in_native, id=15272, stack(0x0000000018dc0000,0x0000000018ec0000)]
  0x0000000017e09000 JavaThread "Monitor Ctrl-Break" daemon [_thread_in_native, id=13164, stack(0x0000000018cc0000,0x0000000018dc0000)]
  0x0000000017d9f000 JavaThread "Attach Listener" daemon [_thread_blocked, id=4124, stack(0x0000000018bc0000,0x0000000018cc0000)]
  0x0000000017d9e800 JavaThread "Signal Dispatcher" daemon [_thread_blocked, id=7520, stack(0x0000000018ac0000,0x0000000018bc0000)]
  0x0000000017d78800 JavaThread "Finalizer" daemon [_thread_blocked, id=15620, stack(0x00000000189c0000,0x0000000018ac0000)]
  0x0000000003501000 JavaThread "Reference Handler" daemon [_thread_blocked, id=12744, stack(0x00000000188c0000,0x00000000189c0000)]
  0x0000000003415000 JavaThread "main" [_thread_in_Java, id=13196, stack(0x00000000031d0000,0x00000000032d0000)]

Other Threads:
  0x0000000017d55800 VMThread [stack: 0x00000000187c0000,0x00000000188c0000] [id=10356]
  0x0000000019042800 WatcherThread [stack: 0x00000000194c0000,0x00000000195c0000] [id=11728]

VM state:not at safepoint (normal execution)

VM Mutex/Monitor currently owned by a thread: None

Heap:
 PSYoungGen      total 37888K, used 30535K [0x00000000d6180000, 0x00000000d8b80000, 0x0000000100000000)
  eden space 32768K, 93% used [0x00000000d6180000,0x00000000d7f51df0,0x00000000d8180000)
  from space 5120K, 0% used [0x00000000d8180000,0x00000000d8180000,0x00000000d8680000)
  to   space 5120K, 0% used [0x00000000d8680000,0x00000000d8680000,0x00000000d8b80000)
 ParOldGen       total 59904K, used 6638K [0x0000000082400000, 0x0000000085e80000, 0x00000000d6180000)
  object space 59904K, 11% used [0x0000000082400000,0x0000000082a7ba40,0x0000000085e80000)
 Metaspace       used 22660K, capacity 23312K, committed 23424K, reserved 1069056K
  class space    used 2924K, capacity 3102K, committed 3200K, reserved 1048576K

Card table byte_map: [0x00000000128d0000,0x0000000012cc0000] byte_map_base: 0x00000000124be000

Marking Bits: (ParMarkBitMap*) 0x000000005c15a6c0
 Begin Bits: [0x0000000013160000, 0x00000000150d0000)
 End Bits:   [0x00000000150d0000, 0x0000000017040000)

Polling page: 0x0000000000de0000

CodeCache: size=245760Kb used=5621Kb max_used=5621Kb free=240138Kb
 bounds [0x0000000003510000, 0x0000000003a90000, 0x0000000012510000]
 total_blobs=2002 nmethods=1628 adapters=287
 compilation: enabled

Compilation events (10 events):
Event: 3.505 Thread 0x0000000017e1a000 1629       3       java.util.LinkedHashMap$LinkedEntrySet::iterator (12 bytes)
Event: 3.505 Thread 0x0000000017e1a000 nmethod 1629 0x0000000003a8db10 code [0x0000000003a8dc80, 0x0000000003a8df90]
Event: 3.506 Thread 0x0000000017e1a000 1630       3       java.util.HashMap::remove (26 bytes)
Event: 3.506 Thread 0x0000000017e1a000 nmethod 1630 0x0000000003a8e110 code [0x0000000003a8e2a0, 0x0000000003a8e6b8]
Event: 3.506 Thread 0x0000000017e1a000 1631       3       org.springframework.util.LinkedMultiValueMap$$Lambda$7/504527234::apply (5 bytes)
Event: 3.506 Thread 0x0000000017e1a000 nmethod 1631 0x0000000003a8e810 code [0x0000000003a8e9a0, 0x0000000003a8ed90]
Event: 3.509 Thread 0x0000000017e1a000 1632       1       java.io.FilePermission::access$000 (5 bytes)
Event: 3.509 Thread 0x0000000017e1a000 nmethod 1632 0x0000000003a8f010 code [0x0000000003a8f160, 0x0000000003a8f250]
Event: 3.509 Thread 0x0000000017e1a000 1633       3       java.util.LinkedHashSet::<init> (9 bytes)
Event: 3.509 Thread 0x0000000017e1a000 nmethod 1633 0x0000000003a8f2d0 code [0x0000000003a8f480, 0x0000000003a8f888]

GC Heap History (10 events):
Event: 1.858 GC heap before
{Heap before GC invocations=2 (full 0):
 PSYoungGen      total 37888K, used 37141K [0x00000000d6180000, 0x00000000d8b80000, 0x0000000100000000)
  eden space 32768K, 100% used [0x00000000d6180000,0x00000000d8180000,0x00000000d8180000)
  from space 5120K, 85% used [0x00000000d8180000,0x00000000d85c56d0,0x00000000d8680000)
  to   space 5120K, 0% used [0x00000000d8680000,0x00000000d8680000,0x00000000d8b80000)
 ParOldGen       total 86016K, used 8K [0x0000000082400000, 0x0000000087800000, 0x00000000d6180000)
  object space 86016K, 0% used [0x0000000082400000,0x0000000082402000,0x0000000087800000)
 Metaspace       used 12067K, capacity 12432K, committed 12672K, reserved 1060864K
  class space    used 1457K, capacity 1554K, committed 1664K, reserved 1048576K
Event: 1.865 GC heap after
Heap after GC invocations=2 (full 0):
 PSYoungGen      total 37888K, used 5094K [0x00000000d6180000, 0x00000000d8b80000, 0x0000000100000000)
  eden space 32768K, 0% used [0x00000000d6180000,0x00000000d6180000,0x00000000d8180000)
  from space 5120K, 99% used [0x00000000d8680000,0x00000000d8b799f8,0x00000000d8b80000)
  to   space 5120K, 0% used [0x00000000d8180000,0x00000000d8180000,0x00000000d8680000)
 ParOldGen       total 86016K, used 100K [0x0000000082400000, 0x0000000087800000, 0x00000000d6180000)
  object space 86016K, 0% used [0x0000000082400000,0x0000000082419188,0x0000000087800000)
 Metaspace       used 12067K, capacity 12432K, committed 12672K, reserved 1060864K
  class space    used 1457K, capacity 1554K, committed 1664K, reserved 1048576K
}
Event: 2.357 GC heap before
{Heap before GC invocations=3 (full 0):
 PSYoungGen      total 37888K, used 37862K [0x00000000d6180000, 0x00000000d8b80000, 0x0000000100000000)
  eden space 32768K, 100% used [0x00000000d6180000,0x00000000d8180000,0x00000000d8180000)
  from space 5120K, 99% used [0x00000000d8680000,0x00000000d8b799f8,0x00000000d8b80000)
  to   space 5120K, 0% used [0x00000000d8180000,0x00000000d8180000,0x00000000d8680000)
 ParOldGen       total 86016K, used 100K [0x0000000082400000, 0x0000000087800000, 0x00000000d6180000)
  object space 86016K, 0% used [0x0000000082400000,0x0000000082419188,0x0000000087800000)
 Metaspace       used 15205K, capacity 15656K, committed 15744K, reserved 1062912K
  class space    used 1966K, capacity 2102K, committed 2176K, reserved 1048576K
Event: 2.365 GC heap after
Heap after GC invocations=3 (full 0):
 PSYoungGen      total 37888K, used 5118K [0x00000000d6180000, 0x00000000d8b80000, 0x0000000100000000)
  eden space 32768K, 0% used [0x00000000d6180000,0x00000000d6180000,0x00000000d8180000)
  from space 5120K, 99% used [0x00000000d8180000,0x00000000d867f988,0x00000000d8680000)
  to   space 5120K, 0% used [0x00000000d8680000,0x00000000d8680000,0x00000000d8b80000)
 ParOldGen       total 86016K, used 1064K [0x0000000082400000, 0x0000000087800000, 0x00000000d6180000)
  object space 86016K, 1% used [0x0000000082400000,0x000000008250a248,0x0000000087800000)
 Metaspace       used 15205K, capacity 15656K, committed 15744K, reserved 1062912K
  class space    used 1966K, capacity 2102K, committed 2176K, reserved 1048576K
}
Event: 2.743 GC heap before
{Heap before GC invocations=4 (full 0):
 PSYoungGen      total 37888K, used 37886K [0x00000000d6180000, 0x00000000d8b80000, 0x0000000100000000)
  eden space 32768K, 100% used [0x00000000d6180000,0x00000000d8180000,0x00000000d8180000)
  from space 5120K, 99% used [0x00000000d8180000,0x00000000d867f988,0x00000000d8680000)
  to   space 5120K, 0% used [0x00000000d8680000,0x00000000d8680000,0x00000000d8b80000)
 ParOldGen       total 86016K, used 1606K [0x0000000082400000, 0x0000000087800000, 0x00000000d6180000)
  object space 86016K, 1% used [0x0000000082400000,0x0000000082591948,0x0000000087800000)
 Metaspace       used 18363K, capacity 18906K, committed 18944K, reserved 1064960K
  class space    used 2396K, capacity 2535K, committed 2560K, reserved 1048576K
Event: 2.767 GC heap after
Heap after GC invocations=4 (full 0):
 PSYoungGen      total 37888K, used 5112K [0x00000000d6180000, 0x00000000d8b80000, 0x0000000100000000)
  eden space 32768K, 0% used [0x00000000d6180000,0x00000000d6180000,0x00000000d8180000)
  from space 5120K, 99% used [0x00000000d8680000,0x00000000d8b7e010,0x00000000d8b80000)
  to   space 5120K, 0% used [0x00000000d8180000,0x00000000d8180000,0x00000000d8680000)
 ParOldGen       total 86016K, used 3810K [0x0000000082400000, 0x0000000087800000, 0x00000000d6180000)
  object space 86016K, 4% used [0x0000000082400000,0x00000000827b8a20,0x0000000087800000)
 Metaspace       used 18363K, capacity 18906K, committed 18944K, reserved 1064960K
  class space    used 2396K, capacity 2535K, committed 2560K, reserved 1048576K
}
Event: 3.108 GC heap before
{Heap before GC invocations=5 (full 0):
 PSYoungGen      total 37888K, used 24758K [0x00000000d6180000, 0x00000000d8b80000, 0x0000000100000000)
  eden space 32768K, 59% used [0x00000000d6180000,0x00000000d74afb70,0x00000000d8180000)
  from space 5120K, 99% used [0x00000000d8680000,0x00000000d8b7e010,0x00000000d8b80000)
  to   space 5120K, 0% used [0x00000000d8180000,0x00000000d8180000,0x00000000d8680000)
 ParOldGen       total 86016K, used 3810K [0x0000000082400000, 0x0000000087800000, 0x00000000d6180000)
  object space 86016K, 4% used [0x0000000082400000,0x00000000827b8a20,0x0000000087800000)
 Metaspace       used 20621K, capacity 21178K, committed 21248K, reserved 1067008K
  class space    used 2632K, capacity 2799K, committed 2816K, reserved 1048576K
Event: 3.115 GC heap after
Heap after GC invocations=5 (full 0):
 PSYoungGen      total 37888K, used 5112K [0x00000000d6180000, 0x00000000d8b80000, 0x0000000100000000)
  eden space 32768K, 0% used [0x00000000d6180000,0x00000000d6180000,0x00000000d8180000)
  from space 5120K, 99% used [0x00000000d8180000,0x00000000d867e010,0x00000000d8680000)
  to   space 5120K, 0% used [0x00000000d8680000,0x00000000d8680000,0x00000000d8b80000)
 ParOldGen       total 86016K, used 5455K [0x0000000082400000, 0x0000000087800000, 0x00000000d6180000)
  object space 86016K, 6% used [0x0000000082400000,0x0000000082953e50,0x0000000087800000)
 Metaspace       used 20621K, capacity 21178K, committed 21248K, reserved 1067008K
  class space    used 2632K, capacity 2799K, committed 2816K, reserved 1048576K
}
Event: 3.115 GC heap before
{Heap before GC invocations=6 (full 1):
 PSYoungGen      total 37888K, used 5112K [0x00000000d6180000, 0x00000000d8b80000, 0x0000000100000000)
  eden space 32768K, 0% used [0x00000000d6180000,0x00000000d6180000,0x00000000d8180000)
  from space 5120K, 99% used [0x00000000d8180000,0x00000000d867e010,0x00000000d8680000)
  to   space 5120K, 0% used [0x00000000d8680000,0x00000000d8680000,0x00000000d8b80000)
 ParOldGen       total 86016K, used 5455K [0x0000000082400000, 0x0000000087800000, 0x00000000d6180000)
  object space 86016K, 6% used [0x0000000082400000,0x0000000082953e50,0x0000000087800000)
 Metaspace       used 20621K, capacity 21178K, committed 21248K, reserved 1067008K
  class space    used 2632K, capacity 2799K, committed 2816K, reserved 1048576K
Event: 3.192 GC heap after
Heap after GC invocations=6 (full 1):
 PSYoungGen      total 37888K, used 0K [0x00000000d6180000, 0x00000000d8b80000, 0x0000000100000000)
  eden space 32768K, 0% used [0x00000000d6180000,0x00000000d6180000,0x00000000d8180000)
  from space 5120K, 0% used [0x00000000d8180000,0x00000000d8180000,0x00000000d8680000)
  to   space 5120K, 0% used [0x00000000d8680000,0x00000000d8680000,0x00000000d8b80000)
 ParOldGen       total 59904K, used 6638K [0x0000000082400000, 0x0000000085e80000, 0x00000000d6180000)
  object space 59904K, 11% used [0x0000000082400000,0x0000000082a7ba40,0x0000000085e80000)
 Metaspace       used 20621K, capacity 21178K, committed 21248K, reserved 1067008K
  class space    used 2632K, capacity 2799K, committed 2816K, reserved 1048576K
}

Deoptimization events (10 events):
Event: 2.432 Thread 0x0000000003415000 Uncommon trap: reason=null_assert action=make_not_entrant pc=0x00000000036e322c method=java.util.zip.ZipEntry.<init>(Ljava/util/zip/ZipEntry;)V @ 70
Event: 2.453 Thread 0x0000000003415000 Uncommon trap: reason=unstable_if action=reinterpret pc=0x00000000037c8ce0 method=java.util.HashMap.hash(Ljava/lang/Object;)I @ 1
Event: 2.453 Thread 0x0000000003415000 Uncommon trap: reason=unstable_if action=reinterpret pc=0x000000000357fe5c method=sun.nio.cs.UTF_8$Encoder.encode([CII[B)I @ 33
Event: 2.549 Thread 0x0000000019b8b800 Uncommon trap: reason=bimorphic action=maybe_recompile pc=0x0000000003820bc8 method=java.util.HashMap.putVal(ILjava/lang/Object;Ljava/lang/Object;ZZ)Ljava/lang/Object; @ 203
Event: 2.554 Thread 0x0000000019b8b800 Uncommon trap: reason=bimorphic action=maybe_recompile pc=0x0000000003820bc8 method=java.util.HashMap.putVal(ILjava/lang/Object;Ljava/lang/Object;ZZ)Ljava/lang/Object; @ 203
Event: 2.556 Thread 0x0000000019b8b800 Uncommon trap: reason=bimorphic action=maybe_recompile pc=0x0000000003820bc8 method=java.util.HashMap.putVal(ILjava/lang/Object;Ljava/lang/Object;ZZ)Ljava/lang/Object; @ 203
Event: 2.569 Thread 0x0000000019b8b800 Uncommon trap: reason=unstable_if action=reinterpret pc=0x0000000003893044 method=java.util.jar.Manifest$FastInputStream.readLine([BII)I @ 87
Event: 2.571 Thread 0x0000000003415000 Uncommon trap: reason=bimorphic action=maybe_recompile pc=0x0000000003820b8c method=java.util.HashMap.putVal(ILjava/lang/Object;Ljava/lang/Object;ZZ)Ljava/lang/Object; @ 253
Event: 2.571 Thread 0x0000000003415000 Uncommon trap: reason=bimorphic action=maybe_recompile pc=0x0000000003820b8c method=java.util.HashMap.putVal(ILjava/lang/Object;Ljava/lang/Object;ZZ)Ljava/lang/Object; @ 253
Event: 3.400 Thread 0x0000000019b8b800 Uncommon trap: reason=unstable_if action=reinterpret pc=0x0000000003962ba4 method=jdk.internal.org.objectweb.asm.Type.getArgumentsAndReturnSizes(Ljava/lang/String;)I @ 47

Internal exceptions (10 events):
Event: 2.730 Thread 0x0000000003415000 Exception <a 'java/lang/ClassNotFoundException': org/springframework/core/OrderedCustomizer> (0x00000000d8173eb0) thrown at [C:\re\workspace\8-2-build-windows-amd64-cygwin\jdk8u102\7268\hotspot\src\share\vm\classfile\systemDictionary.cpp, line 210]
Event: 2.731 Thread 0x0000000003415000 Exception <a 'java/lang/ClassNotFoundException': org/springframework/context/ResourceLoaderAwareCustomizer> (0x0000000082515a88) thrown at [C:\re\workspace\8-2-build-windows-amd64-cygwin\jdk8u102\7268\hotspot\src\share\vm\classfile\systemDictionary.cpp, li]L>FBŸ@
Event: 2.731 Thread 0x0000000003415000 Exception <a 'java/lang/ClassNotFoundException': org/springframework/beans/factory/AwareCustomizer> (0x000000008252b7b0) thrown at [C:\re\workspace\8-2-build-windows-amd64-cygwin\jdk8u102\7268\hotspot\src\share\vm\classfile\systemDictionary.cpp, line 210]
Event: 2.732 Thread 0x0000000003415000 Exception <a 'java/lang/ClassNotFoundException': org/springframework/beans/factory/BeanClassLoaderAwareCustomizer> (0x00000000825445a0) thrown at [C:\re\workspace\8-2-build-windows-amd64-cygwin\jdk8u102\7268\hotspot\src\share\vm\classfile\systemDictionary.À,q\€@
Event: 2.732 Thread 0x0000000003415000 Exception <a 'java/lang/ClassNotFoundException': org/springframework/beans/factory/AwareCustomizer> (0x000000008255a2e0) thrown at [C:\re\workspace\8-2-build-windows-amd64-cygwin\jdk8u102\7268\hotspot\src\share\vm\classfile\systemDictionary.cpp, line 210]
Event: 2.733 Thread 0x0000000003415000 Exception <a 'java/lang/ClassNotFoundException': org/springframework/context/EnvironmentAwareCustomizer> (0x0000000082570280) thrown at [C:\re\workspace\8-2-build-windows-amd64-cygwin\jdk8u102\7268\hotspot\src\share\vm\classfile\systemDictionary.cpp, line çöY›@
Event: 2.733 Thread 0x0000000003415000 Exception <a 'java/lang/ClassNotFoundException': org/springframework/beans/factory/AwareCustomizer> (0x0000000082585ea0) thrown at [C:\re\workspace\8-2-build-windows-amd64-cygwin\jdk8u102\7268\hotspot\src\share\vm\classfile\systemDictionary.cpp, line 210]
Event: 2.822 Thread 0x0000000003415000 Exception <a 'java/lang/NoSuchMethodError': java.lang.Object.lambda$comparing$77a9974f$1(Ljava/util/function/Function;Ljava/lang/Object;Ljava/lang/Object;)I> (0x00000000d65ec450) thrown at [C:\re\workspace\8-2-build-windows-amd64-cygwin\jdk8u102\7268\hotspãÙ‰Ï≈D@
Event: 3.409 Thread 0x0000000019b8b800 Exception <a 'java/lang/IncompatibleClassChangeError': Found class java.lang.Object, but interface was expected> (0x00000000d75eb478) thrown at [C:\re\workspace\8-2-build-windows-amd64-cygwin\jdk8u102\7268\hotspot\src\share\vm\interpreter\linkResolver.cpp,¬®áD2ò@
Event: 3.449 Thread 0x0000000003415000 Exception <a 'java/lang/IncompatibleClassChangeError': Found class java.lang.Object, but interface was expected> (0x00000000d7b99ee8) thrown at [C:\re\workspace\8-2-build-windows-amd64-cygwin\jdk8u102\7268\hotspot\src\share\vm\interpreter\linkResolver.cpp,&u˙7◊@

Events (10 events):
Event: 3.505 loading class io/undertow/websockets/jsr/Bootstrap done
Event: 3.506 loading class org/eclipse/jetty/websocket/jsr356/server/deploy/WebSocketServerContainerInitializer
Event: 3.506 loading class org/eclipse/jetty/websocket/jsr356/server/deploy/WebSocketServerContainerInitializer done
Event: 3.506 loading class org/apache/catalina/startup/Tomcat
Event: 3.506 loading class org/apache/catalina/startup/Tomcat done
Event: 3.507 loading class org/apache/tomcat/websocket/server/WsSci
Event: 3.507 loading class org/apache/tomcat/websocket/server/WsSci done
Event: 3.508 loading class javax/servlet/ServletContainerInitializer
Event: 3.508 loading class javax/servlet/ServletContainerInitializer done
Event: 3.511 Thread 0x000000001ab41000 Thread exited: 0x000000001ab41000


Dynamic libraries:
0x00007ff735bc0000 - 0x00007ff735bf7000 	H:\JDK1.8\bin\java.exe
0x00007ffeee390000 - 0x00007ffeee571000 	C:\WINDOWS\SYSTEM32\ntdll.dll
0x00007ffeee040000 - 0x00007ffeee0f1000 	C:\WINDOWS\System32\KERNEL32.DLL
0x00007ffeea9f0000 - 0x00007ffeeac63000 	C:\WINDOWS\System32\KERNELBASE.dll
0x00007ffeece60000 - 0x00007ffeecf01000 	C:\WINDOWS\System32\ADVAPI32.dll
0x00007ffeedd10000 - 0x00007ffeeddae000 	C:\WINDOWS\System32\msvcrt.dll
0x00007ffeedcb0000 - 0x00007ffeedd0b000 	C:\WINDOWS\System32\sechost.dll
0x00007ffeedde0000 - 0x00007ffeedf04000 	C:\WINDOWS\System32\RPCRT4.dll
0x00007ffeecc60000 - 0x00007ffeecdf0000 	C:\WINDOWS\System32\USER32.dll
0x00007ffeeb800000 - 0x00007ffeeb820000 	C:\WINDOWS\System32\win32u.dll
0x00007ffeeddb0000 - 0x00007ffeeddd8000 	C:\WINDOWS\System32\GDI32.dll
0x00007ffeea760000 - 0x00007ffeea8f1000 	C:\WINDOWS\System32\gdi32full.dll
0x00007ffeea900000 - 0x00007ffeea99f000 	C:\WINDOWS\System32\msvcp_win.dll
0x00007ffeeae00000 - 0x00007ffeeaef8000 	C:\WINDOWS\System32\ucrtbase.dll
0x00007ffedecf0000 - 0x00007ffedef59000 	C:\WINDOWS\WinSxS\amd64_microsoft.windows.common-controls_6595b64144ccf1df_6.0.17134.829_none_fb46a5473061b9d5\COMCTL32.dll
0x00007ffeed980000 - 0x00007ffeedca2000 	C:\WINDOWS\System32\combase.dll
0x00007ffeead80000 - 0x00007ffeeadfa000 	C:\WINDOWS\System32\bcryptPrimitives.dll
0x00007ffeecf10000 - 0x00007ffeecf3d000 	C:\WINDOWS\System32\IMM32.DLL
0x000000005f1a0000 - 0x000000005f271000 	H:\JDK1.8\jre\bin\msvcr100.dll
0x000000005b940000 - 0x000000005c1da000 	H:\JDK1.8\jre\bin\server\jvm.dll
0x00007ffeee030000 - 0x00007ffeee038000 	C:\WINDOWS\System32\PSAPI.DLL
0x00007ffee7270000 - 0x00007ffee7293000 	C:\WINDOWS\SYSTEM32\WINMM.dll
0x00007ffee0090000 - 0x00007ffee009a000 	C:\WINDOWS\SYSTEM32\VERSION.dll
0x00007ffed5900000 - 0x00007ffed5909000 	C:\WINDOWS\SYSTEM32\WSOCK32.dll
0x00007ffee7100000 - 0x00007ffee712a000 	C:\WINDOWS\SYSTEM32\WINMMBASE.dll
0x00007ffeed680000 - 0x00007ffeed6ec000 	C:\WINDOWS\System32\WS2_32.dll
0x00007ffeea9a0000 - 0x00007ffeea9e9000 	C:\WINDOWS\System32\cfgmgr32.dll
0x000000005f190000 - 0x000000005f19f000 	H:\JDK1.8\jre\bin\verify.dll
0x000000005f160000 - 0x000000005f189000 	H:\JDK1.8\jre\bin\java.dll
0x000000005f110000 - 0x000000005f133000 	H:\JDK1.8\jre\bin\instrument.dll
0x000000005f140000 - 0x000000005f156000 	H:\JDK1.8\jre\bin\zip.dll
0x00007ffeeb820000 - 0x00007ffeecc60000 	C:\WINDOWS\System32\SHELL32.dll
0x00007ffeedf80000 - 0x00007ffeee029000 	C:\WINDOWS\System32\shcore.dll
0x00007ffeeb0f0000 - 0x00007ffeeb7fd000 	C:\WINDOWS\System32\windows.storage.dll
0x00007ffeee100000 - 0x00007ffeee151000 	C:\WINDOWS\System32\shlwapi.dll
0x00007ffeea740000 - 0x00007ffeea751000 	C:\WINDOWS\System32\kernel.appcore.dll
0x00007ffeea720000 - 0x00007ffeea73f000 	C:\WINDOWS\System32\profapi.dll
0x00007ffeea6d0000 - 0x00007ffeea71c000 	C:\WINDOWS\System32\powrprof.dll
0x00007ffeea6c0000 - 0x00007ffeea6ca000 	C:\WINDOWS\System32\FLTLIB.DLL
0x00007ffee63a0000 - 0x00007ffee63ba000 	D:\IntelliJ IDEA 2018.3.4\bin\breakgen64.dll
0x000000005f0f0000 - 0x000000005f10a000 	H:\JDK1.8\jre\bin\net.dll
0x00007ffee9f20000 - 0x00007ffee9f86000 	C:\WINDOWS\system32\mswsock.dll
0x000000005f0e0000 - 0x000000005f0ed000 	H:\JDK1.8\jre\bin\management.dll
0x00007ffeb5db0000 - 0x00007ffeb5dc6000 	C:\WINDOWS\system32\napinsp.dll
0x00007ffeb5d90000 - 0x00007ffeb5daa000 	C:\WINDOWS\system32\pnrpnsp.dll
0x00007ffee6fc0000 - 0x00007ffee6fd9000 	C:\WINDOWS\system32\NLAapi.dll
0x00007ffee9cf0000 - 0x00007ffee9dae000 	C:\WINDOWS\SYSTEM32\DNSAPI.dll
0x00007ffeedf10000 - 0x00007ffeedf18000 	C:\WINDOWS\System32\NSI.dll
0x00007ffee9cb0000 - 0x00007ffee9ce8000 	C:\WINDOWS\SYSTEM32\IPHLPAPI.DLL
0x00007ffeb5d80000 - 0x00007ffeb5d8e000 	C:\WINDOWS\System32\winrnr.dll
0x00007ffebc960000 - 0x00007ffebc975000 	C:\WINDOWS\System32\wshbth.dll
0x000000005e6e0000 - 0x000000005e706000 	C:\Program Files\Bonjour\mdnsNSP.dll
0x00007ffedfb90000 - 0x00007ffedfb9a000 	C:\Windows\System32\rasadhlp.dll
0x00007ffee0a00000 - 0x00007ffee0a72000 	C:\WINDOWS\System32\fwpuclnt.dll
0x00007ffeea200000 - 0x00007ffeea225000 	C:\WINDOWS\SYSTEM32\bcrypt.dll
0x000000005f0c0000 - 0x000000005f0d1000 	H:\JDK1.8\jre\bin\nio.dll

VM Arguments:
jvm_args: -ea -Didea.test.cyclic.buffer.size=1048576 -javaagent:D:\IntelliJ IDEA 2018.3.4\lib\idea_rt.jar=55521:D:\IntelliJ IDEA 2018.3.4\bin -Dfile.encoding=UTF-8 
java_command: com.intellij.rt.execution.junit.JUnitStarter -ideVersion5 -junit4 com.competition.competitionsys.MapperTest,testaddItem
java_class_path (initial): D:\IntelliJ IDEA 2018.3.4\lib\idea_rt.jar;D:\IntelliJ IDEA 2018.3.4\plugins\junit\lib\junit-rt.jar;D:\IntelliJ IDEA 2018.3.4\plugins\junit\lib\junit5-rt.jar;H:\JDK1.8\jre\lib\charsets.jar;H:\JDK1.8\jre\lib\deploy.jar;H:\JDK1.8\jre\lib\ext\access-bridge-64.jar;H:\JDK1.8\jre\lib\ext\cldrdata.jar;H:\JDK1.8\jre\lib\ext\dnsns.jar;H:\JDK1.8\jre\lib\ext\jaccess.jar;H:\JDK1.8\jre\lib\ext\jfxrt.jar;H:\JDK1.8\jre\lib\ext\localedata.jar;H:\JDK1.8\jre\lib\ext\mysql-connector-java-5.1.44-bin.jar;H:\JDK1.8\jre\lib\ext\nashorn.jar;H:\JDK1.8\jre\lib\ext\sunec.jar;H:\JDK1.8\jre\lib\ext\sunjce_provider.jar;H:\JDK1.8\jre\lib\ext\sunmscapi.jar;H:\JDK1.8\jre\lib\ext\sunpkcs11.jar;H:\JDK1.8\jre\lib\ext\zipfs.jar;H:\JDK1.8\jre\lib\javaws.jar;H:\JDK1.8\jre\lib\jce.jar;H:\JDK1.8\jre\lib\jfr.jar;H:\JDK1.8\jre\lib\jfxswt.jar;H:\JDK1.8\jre\lib\jsse.jar;H:\JDK1.8\jre\lib\management-agent.jar;H:\JDK1.8\jre\lib\plugin.jar;H:\JDK1.8\jre\lib\resources.jar;H:\JDK1.8\jre\lib\rt.jar;E:\IdeaProjects\competition\target\test-classes;E:\IdeaProjects\competition\target\classes;C:\Users\Leo\.m2\repository\org\springframework\boot\spring-boot-starter-web\2.1.5.RELEASE\spring-boot-starter-web-2.1.5.RELEASE.jar;C:\Users\Leo\.m2\repository\org\springframework\boot\spring-boot-starter\2.1.5.RELEASE\spring-boot-starter-2.1.5.RELEASE.jar;C:\Users\Leo\.m2\repository\org\springframework\boot\spring-boot-starter-logging\2.1.5.RELEASE\spring-boot-starter-logging-2.1.5.RELEASE.jar;C:\Users\Leo\.m2\repository\ch\qos\logback\logback-classic\1.2.3\logback-classic-1.2.3.jar;C:\Users\Leo\.m2\repository\ch\qos\logback\logback-core\1.2.3\logback-core-1.2.3.jar;C:\Users\Leo\.m2\repository\org\apache\logging\log4j\log4j-to-slf4j\2.11.2\log4j-to-slf4j-2.11.2.jar;C:\Users\Leo\.m2\repository\org\apache\logging\log4j\log4j-api\2.11.2\log4j-api-2.11.2.jar;C:\Users\Leo\.m2\repository\org\slf4j\jul-to-slf4j\1.7.26\jul-to-slf4j-1.7.26.jar;C:\Users\Leo\.m2\repository\javax\annotation\javax.annotation-api\1.3
Launcher Type: SUN_STANDARD

Environment Variables:
JAVA_HOME=F:\jdk.1.8
JRE_HOME=F:\jdk1.8\jre
PATH=C:\ProgramData\Oracle\Java\javapath;C:\WINDOWS\system32;C:\WINDOWS;C:\WINDOWS\System32\Wbem;C:\WINDOWS\System32\WindowsPowerShell\v1.0\;C:\Program Files (x86)\NVIDIA Corporation\PhysX\Common;C:\Program Files\Intel\WiFi\bin\;C:\Program Files\Common Files\Intel\WirelessCommon\;C:\WINDOWS\system32;C:\WINDOWS;C:\WINDOWS\System32\Wbem;C:\WINDOWS\System32\WindowsPowerShell\v1.0\;C:\Program Files\Microsoft SQL Server\110\Tools\Binn\;F:\jdk.1.8\bin;C:\Program Files\Microsoft SQL Server\110\DTS\Binn\;C:\Program Files (x86)\Microsoft SQL Server\110\Tools\Binn\;C:\Program Files (x86)\Microsoft SQL Server\110\Tools\Binn\ManagementStudio\;C:\Program Files (x86)\Microsoft Visual Studio 10.0\Common7\IDE\PrivateAssemblies\;C:\Program Files (x86)\Microsoft SQL Server\110\DTS\Binn\;C:\WINDOWS\System32\OpenSSH\;F:\adb;;C:\Program Files\Microsoft\Web Platform Installer\;C:\Program Files (x86)\Microsoft ASP.NET\ASP.NET Web Pages\v1.0\;D:\rationalrose\common;C:\Program Files (x86)\Microsoft SDKs\TypeScript\1.0\;C:\Program Files\Microsoft SQL Server\120\Tools\Binn\;D:\Program Files\MVTec\HALCON-18.05-Progress\bin\x64-win64;F:\WinSCP\;"F:\apache-tomcat-8.5.38\lib;F:\apache-tomcat-8.5.38\bin";C:\strawberry\c\bin;C:\strawberry\perl\bin;D:\Git\cmd;C:\Users\Leo\AppData\Local\Programs\Python\Python35\Scripts\;C:\Users\Leo\AppData\Local\Programs\Python\Python35\;C:\Users\Leo\AppData\Local\Microsoft\WindowsApps;C:\Program Files\Intel\WiFi\bin\;C:\Program Files\Common Files\Intel\WirelessCommon\;D:\opencv-3.4.3\build\x64\vc14\bin;;D:\IntelliJ IDEA 2018.3.4\bin;
USERNAME=Leo
OS=Windows_NT
PROCESSOR_IDENTIFIER=Intel64 Family 6 Model 94 Stepping 3, GenuineIntel



---------------  S Y S T E M  ---------------

OS: Windows 10.0 , 64 bit Build 17134 (10.0.17134.753)

CPU:total 2 (2 cores per cpu, 1 threads per core) family 6 model 94 stepping 3, cmov, cx8, fxsr, mmx, sse, sse2, sse3, ssse3, sse4.1, sse4.2, popcnt, aes, clmul, erms, 3dnowpref, lzcnt, tsc, tscinvbit

Memory: 4k page, physical 8238344k(1582096k free), swap 10342108k(4104k free)

vm_info: Java HotSpot(TM) 64-Bit Server VM (25.102-b14) for windows-amd64 JRE (1.8.0_102-b14), built on Jun 22 2016 13:15:21 by "java_re" with MS VC++ 10.0 (VS2010)

time: Fri Jun 14 01:22:39 2019
elapsed time: 3 seconds (0d 0h 0m 3s)

